<?xml version="1.0" encoding="UTF-8"?>
<!-- Generated by org.testng.reporters.JUnitReportReporter -->
<testsuite hostname="TYSS-Chaithra" failures="0" tests="1" name="practice.ReadDataFromCmdLine" time="0.009" errors="0" timestamp="2025-08-22T12:38:25 IST" skipped="0">
  <testcase classname="practice.ReadDataFromCmdLine" name="readData" time="0.009"/>
  <system-out/>
</testsuite> <!-- practice.ReadDataFromCmdLine -->
